<?xml version="1.0" encoding="UTF-8" ?>
<testsuites>
  <testsuite errors="0" failures="3" hostname="Anonymous-PC" id="0" name="InjectorTest" package="org.isima.inject.tests" tests="8" time="0.499" timestamp="2012-10-14T18:55:18">
      <properties>
[...]
</properties>

      <testcase classname="org.isima.inject.tests.InjectorTest" name="bindAnnotateWith" time="0.183" />

      <testcase classname="org.isima.inject.tests.InjectorTest" name="bindMultipleAnnotatedWith" time="0.0010" />

      <testcase classname="org.isima.inject.tests.InjectorTest" name="bindTo" time="0.0" />

      <testcase classname="org.isima.inject.tests.InjectorTest" name="bindSingletonAnnotation" time="0.026">
          <failure type="junit.framework.AssertionFailedError">junit.framework.AssertionFailedError
	at org.isima.inject.tests.InjectorTest.bindSingletonAnnotation(InjectorTest.java:109)
</failure>

      </testcase>

      <testcase classname="org.isima.inject.tests.InjectorTest" name="inject" time="0.0020">
          <failure type="junit.framework.AssertionFailedError">junit.framework.AssertionFailedError
	at org.isima.inject.tests.InjectorTest.inject(InjectorTest.java:97)
</failure>

      </testcase>

      <testcase classname="org.isima.inject.tests.InjectorTest" name="bindValue" time="0.0010" />

      <testcase classname="org.isima.inject.tests.InjectorTest" name="createInstanceInCascade" time="0.0020">
          <failure type="junit.framework.AssertionFailedError">junit.framework.AssertionFailedError
	at org.isima.inject.tests.InjectorTest.createInstanceInCascade(InjectorTest.java:71)
</failure>

      </testcase>

      <testcase classname="org.isima.inject.tests.InjectorTest" name="bindImplementedBy" time="0.0" />

      <system-out><![CDATA[Looking for the class org.isima.inject.log.MultipleIsiLogger binder
Looking for the interface org.isima.inject.log.IsiLogger binder annotated with 
interface org.isima.inject.annotations.Inject
interface org.isima.inject.annotations.Logger3
la liste des annotations contient les annotations désirées
Looking for the interface org.isima.inject.log.IsiLogger binder annotated with 
interface org.isima.inject.annotations.Inject
interface org.isima.inject.annotations.Logger1
annotationsList doesnt contains interface org.isima.inject.annotations.Logger1
la liste des annotations contient les annotations désirées
Looking for the interface org.isima.inject.log.IsiLogger binder annotated with 
interface org.isima.inject.annotations.Inject
interface org.isima.inject.annotations.Logger2
annotationsList doesnt contains interface org.isima.inject.annotations.Logger2
annotationsList doesnt contains interface org.isima.inject.annotations.Logger2
la liste des annotations contient les annotations désirées
Injection of the field isiLogger
Looking for the interface org.isima.inject.log.IsiLogger binder annotated with 
interface org.isima.inject.annotations.Logger1
interface org.isima.inject.annotations.InjectedValue
la liste des annotations contient les annotations désirées
Looking for the interface org.isima.inject.log.IsiLogger binder
Looking for the interface org.isima.inject.log.IsiLogger binder
Looking for the interface org.isima.inject.log.IsiLogger binder annotated with 
interface org.isima.inject.annotations.Inject
interface org.isima.inject.annotations.Logger3
Binder not found ...
Looking for the interface org.isima.inject.log.IsiLogger binder annotated with 
interface org.isima.inject.annotations.Inject
interface org.isima.inject.annotations.Logger1
Binder not found ...
Looking for the interface org.isima.inject.log.IsiLogger binder annotated with 
interface org.isima.inject.annotations.Inject
interface org.isima.inject.annotations.Logger2
Binder not found ...
Looking for the interface org.isima.inject.log.IsiLogger binder
Looking for the interface org.isima.inject.log.IsiLogger binder annotated with 
interface org.isima.inject.annotations.Inject
interface org.isima.inject.annotations.Logger3
Binder not found ...
Looking for the interface org.isima.inject.log.IsiLogger binder annotated with 
interface org.isima.inject.annotations.Inject
interface org.isima.inject.annotations.Logger1
Binder not found ...
Looking for the interface org.isima.inject.log.IsiLogger binder annotated with 
interface org.isima.inject.annotations.Inject
interface org.isima.inject.annotations.Logger2
Binder not found ...
Injection of the field isiLogger
Looking for the interface org.isima.inject.log.IsiLogger binder annotated with 
interface org.isima.inject.annotations.Logger1
interface org.isima.inject.annotations.InjectedValue
Binder not found ...
Injection of the field injectedValue
Looking for the class java.lang.String binder annotated with 
interface org.isima.inject.annotations.InjectedValue
la liste des annotations contient les annotations désirées
Looking for the interface org.isima.inject.log.IsiLogger binder
Looking for the interface org.isima.inject.log.IsiLogger binder
]]></system-out>

      <system-err><![CDATA[]]></system-err>

  </testsuite>
</testsuites>
